<?xml version="1.0" encoding="UTF-8"?>
<!-- Generated by org.testng.reporters.JUnitXMLReporter -->
<testsuite hostname="SIAQ00172MB-245.local" name="Surefire test" tests="10" failures="5" timestamp="21 Dec 2020 17:52:43 GMT" time="3.358" errors="0">
  <testcase name="runScenario" time="2.193" classname="api.runner.APITestRunner"/>
  <testcase name="runScenario" time="0.113" classname="api.runner.APITestRunner"/>
  <testcase name="runScenario" time="0.095" classname="api.runner.APITestRunner">
    <failure type="java.lang.AssertionError" message="expected:&amp;lt;{&amp;quot;totalWorkingClassHeroes&amp;quot;:&amp;quot;1&amp;quot;,&amp;quot;totalTaxReliefAmount&amp;quot;:&amp;quot;276842.80&amp;quot;}&amp;gt; but was:&amp;lt;{&amp;quot;totalWorkingClassHeroes&amp;quot;:&amp;quot;1&amp;quot;,&amp;quot;totalTaxReliefAmount&amp;quot;:&amp;quot;276842.81&amp;quot;}&amp;gt;">
      <![CDATA[java.lang.AssertionError: expected:<{"totalWorkingClassHeroes":"1","totalTaxReliefAmount":"276842.80"}> but was:<{"totalWorkingClassHeroes":"1","totalTaxReliefAmount":"276842.81"}>
	at org.junit.Assert.fail(Assert.java:93)
	at org.junit.Assert.failNotEquals(Assert.java:647)
	at org.junit.Assert.assertEquals(Assert.java:128)
	at org.junit.Assert.assertEquals(Assert.java:147)
	at api.tests.BaseTests.assertContent(BaseTests.java:270)
	at api.tests.APICucumberSteps.iShouldVerifyTheValueMatchesResponseInWithFollowingValues(APICucumberSteps.java:97)
	at ✽.I should verify the value matches response in "GetTaxReliefSummary" with following values(file:src/test/resources/features/GetWorkClassTaxRelief_API.feature:17)
]]>
    </failure>
  </testcase> <!-- runScenario -->
  <testcase name="runScenario" time="0.091" classname="api.runner.APITestRunner">
    <failure type="java.lang.AssertionError" message="expected:&amp;lt;{&amp;quot;totalWorkingClassHeroes&amp;quot;:&amp;quot;1&amp;quot;,&amp;quot;totalTaxReliefAmount&amp;quot;:&amp;quot;276342.12&amp;quot;}&amp;gt; but was:&amp;lt;{&amp;quot;totalWorkingClassHeroes&amp;quot;:&amp;quot;1&amp;quot;,&amp;quot;totalTaxReliefAmount&amp;quot;:&amp;quot;276342.00&amp;quot;}&amp;gt;">
      <![CDATA[java.lang.AssertionError: expected:<{"totalWorkingClassHeroes":"1","totalTaxReliefAmount":"276342.12"}> but was:<{"totalWorkingClassHeroes":"1","totalTaxReliefAmount":"276342.00"}>
	at org.junit.Assert.fail(Assert.java:93)
	at org.junit.Assert.failNotEquals(Assert.java:647)
	at org.junit.Assert.assertEquals(Assert.java:128)
	at org.junit.Assert.assertEquals(Assert.java:147)
	at api.tests.BaseTests.assertContent(BaseTests.java:270)
	at api.tests.APICucumberSteps.iShouldVerifyTheValueMatchesResponseInWithFollowingValues(APICucumberSteps.java:97)
	at ✽.I should verify the value matches response in "GetTaxReliefSummary" with following values(file:src/test/resources/features/GetWorkClassTaxRelief_API.feature:17)
]]>
    </failure>
  </testcase> <!-- runScenario -->
  <testcase name="runScenario" time="0.071" classname="api.runner.APITestRunner">
    <failure type="java.lang.AssertionError" message="expected:&amp;lt;{&amp;quot;totalWorkingClassHeroes&amp;quot;:&amp;quot;1&amp;quot;,&amp;quot;totalTaxReliefAmount&amp;quot;:&amp;quot;50.00&amp;quot;}&amp;gt; but was:&amp;lt;{&amp;quot;totalWorkingClassHeroes&amp;quot;:&amp;quot;1&amp;quot;,&amp;quot;totalTaxReliefAmount&amp;quot;:&amp;quot;86419&amp;quot;}&amp;gt;">
      <![CDATA[java.lang.AssertionError: expected:<{"totalWorkingClassHeroes":"1","totalTaxReliefAmount":"50.00"}> but was:<{"totalWorkingClassHeroes":"1","totalTaxReliefAmount":"86419"}>
	at org.junit.Assert.fail(Assert.java:93)
	at org.junit.Assert.failNotEquals(Assert.java:647)
	at org.junit.Assert.assertEquals(Assert.java:128)
	at org.junit.Assert.assertEquals(Assert.java:147)
	at api.tests.BaseTests.assertContent(BaseTests.java:270)
	at api.tests.APICucumberSteps.iShouldVerifyTheValueMatchesResponseInWithFollowingValues(APICucumberSteps.java:97)
	at ✽.I should verify the value matches response in "GetTaxReliefSummary" with following values(file:src/test/resources/features/GetWorkClassTaxRelief_API.feature:17)
]]>
    </failure>
  </testcase> <!-- runScenario -->
  <testcase name="runScenario" time="0.083" classname="api.runner.APITestRunner"/>
  <testcase name="runScenario" time="0.085" classname="api.runner.APITestRunner"/>
  <testcase name="runScenario" time="0.088" classname="api.runner.APITestRunner"/>
  <testcase name="runScenario" time="0.085" classname="api.runner.APITestRunner">
    <failure type="java.lang.AssertionError" message="expected:&amp;lt;{&amp;quot;totalWorkingClassHeroes&amp;quot;:&amp;quot;1&amp;quot;,&amp;quot;totalTaxReliefAmount&amp;quot;:&amp;quot;171771.39&amp;quot;}&amp;gt; but was:&amp;lt;{&amp;quot;totalWorkingClassHeroes&amp;quot;:&amp;quot;1&amp;quot;,&amp;quot;totalTaxReliefAmount&amp;quot;:&amp;quot;17771.00&amp;quot;}&amp;gt;">
      <![CDATA[java.lang.AssertionError: expected:<{"totalWorkingClassHeroes":"1","totalTaxReliefAmount":"171771.39"}> but was:<{"totalWorkingClassHeroes":"1","totalTaxReliefAmount":"17771.00"}>
	at org.junit.Assert.fail(Assert.java:93)
	at org.junit.Assert.failNotEquals(Assert.java:647)
	at org.junit.Assert.assertEquals(Assert.java:128)
	at org.junit.Assert.assertEquals(Assert.java:147)
	at api.tests.BaseTests.assertContent(BaseTests.java:270)
	at api.tests.APICucumberSteps.iShouldVerifyTheValueMatchesResponseInWithFollowingValues(APICucumberSteps.java:97)
	at ✽.I should verify the value matches response in "GetTaxReliefSummary" with following values(file:src/test/resources/features/GetWorkClassTaxRelief_API.feature:17)
]]>
    </failure>
  </testcase> <!-- runScenario -->
  <testcase name="runScenario" time="0.065" classname="api.runner.APITestRunner">
    <failure type="java.lang.AssertionError" message="expected:&amp;lt;{&amp;quot;totalWorkingClassHeroes&amp;quot;:&amp;quot;1&amp;quot;,&amp;quot;totalTaxReliefAmount&amp;quot;:&amp;quot;171271.40&amp;quot;}&amp;gt; but was:&amp;lt;{&amp;quot;totalWorkingClassHeroes&amp;quot;:&amp;quot;1&amp;quot;,&amp;quot;totalTaxReliefAmount&amp;quot;:&amp;quot;17271.00&amp;quot;}&amp;gt;">
      <![CDATA[java.lang.AssertionError: expected:<{"totalWorkingClassHeroes":"1","totalTaxReliefAmount":"171271.40"}> but was:<{"totalWorkingClassHeroes":"1","totalTaxReliefAmount":"17271.00"}>
	at org.junit.Assert.fail(Assert.java:93)
	at org.junit.Assert.failNotEquals(Assert.java:647)
	at org.junit.Assert.assertEquals(Assert.java:128)
	at org.junit.Assert.assertEquals(Assert.java:147)
	at api.tests.BaseTests.assertContent(BaseTests.java:270)
	at api.tests.APICucumberSteps.iShouldVerifyTheValueMatchesResponseInWithFollowingValues(APICucumberSteps.java:97)
	at ✽.I should verify the value matches response in "GetTaxReliefSummary" with following values(file:src/test/resources/features/GetWorkClassTaxRelief_API.feature:17)
]]>
    </failure>
  </testcase> <!-- runScenario -->
</testsuite> <!-- Surefire test -->
