<?xml version="1.0" encoding="UTF-8"?>
<testsuite xmlns:xsi="http://www.w3.org/2001/XMLSchema-instance" xsi:noNamespaceSchemaLocation="https://maven.apache.org/surefire/maven-surefire-plugin/xsd/surefire-test-report-3.0.xsd" version="3.0" name="api.runner.APITestRunner" time="3.596" tests="10" errors="0" skipped="0" failures="5">
  <properties>
[...]
</properties>
  <testcase name="runScenario" classname="api.runner.APITestRunner" time="2.193"/>
  <testcase name="runScenario" classname="api.runner.APITestRunner" time="0.111"/>
  <testcase name="runScenario" classname="api.runner.APITestRunner" time="0.101">
    <failure message="expected:&lt;{&quot;totalWorkingClassHeroes&quot;:&quot;1&quot;,&quot;totalTaxReliefAmount&quot;:&quot;276842.80&quot;}&gt; but was:&lt;{&quot;totalWorkingClassHeroes&quot;:&quot;1&quot;,&quot;totalTaxReliefAmount&quot;:&quot;276842.81&quot;}&gt;" type="java.lang.AssertionError"><![CDATA[java.lang.AssertionError: expected:<{"totalWorkingClassHeroes":"1","totalTaxReliefAmount":"276842.80"}> but was:<{"totalWorkingClassHeroes":"1","totalTaxReliefAmount":"276842.81"}>
]]></failure>
  </testcase>
  <testcase name="runScenario" classname="api.runner.APITestRunner" time="0.091">
    <failure message="expected:&lt;{&quot;totalWorkingClassHeroes&quot;:&quot;1&quot;,&quot;totalTaxReliefAmount&quot;:&quot;276342.12&quot;}&gt; but was:&lt;{&quot;totalWorkingClassHeroes&quot;:&quot;1&quot;,&quot;totalTaxReliefAmount&quot;:&quot;276342.00&quot;}&gt;" type="java.lang.AssertionError"><![CDATA[java.lang.AssertionError: expected:<{"totalWorkingClassHeroes":"1","totalTaxReliefAmount":"276342.12"}> but was:<{"totalWorkingClassHeroes":"1","totalTaxReliefAmount":"276342.00"}>
]]></failure>
  </testcase>
  <testcase name="runScenario" classname="api.runner.APITestRunner" time="0.07">
    <failure message="expected:&lt;{&quot;totalWorkingClassHeroes&quot;:&quot;1&quot;,&quot;totalTaxReliefAmount&quot;:&quot;50.00&quot;}&gt; but was:&lt;{&quot;totalWorkingClassHeroes&quot;:&quot;1&quot;,&quot;totalTaxReliefAmount&quot;:&quot;86419&quot;}&gt;" type="java.lang.AssertionError"><![CDATA[java.lang.AssertionError: expected:<{"totalWorkingClassHeroes":"1","totalTaxReliefAmount":"50.00"}> but was:<{"totalWorkingClassHeroes":"1","totalTaxReliefAmount":"86419"}>
]]></failure>
  </testcase>
  <testcase name="runScenario" classname="api.runner.APITestRunner" time="0.083"/>
  <testcase name="runScenario" classname="api.runner.APITestRunner" time="0.086"/>
  <testcase name="runScenario" classname="api.runner.APITestRunner" time="0.087"/>
  <testcase name="runScenario" classname="api.runner.APITestRunner" time="0.085">
    <failure message="expected:&lt;{&quot;totalWorkingClassHeroes&quot;:&quot;1&quot;,&quot;totalTaxReliefAmount&quot;:&quot;171771.39&quot;}&gt; but was:&lt;{&quot;totalWorkingClassHeroes&quot;:&quot;1&quot;,&quot;totalTaxReliefAmount&quot;:&quot;17771.00&quot;}&gt;" type="java.lang.AssertionError"><![CDATA[java.lang.AssertionError: expected:<{"totalWorkingClassHeroes":"1","totalTaxReliefAmount":"171771.39"}> but was:<{"totalWorkingClassHeroes":"1","totalTaxReliefAmount":"17771.00"}>
]]></failure>
  </testcase>
  <testcase name="runScenario" classname="api.runner.APITestRunner" time="0.066">
    <failure message="expected:&lt;{&quot;totalWorkingClassHeroes&quot;:&quot;1&quot;,&quot;totalTaxReliefAmount&quot;:&quot;171271.40&quot;}&gt; but was:&lt;{&quot;totalWorkingClassHeroes&quot;:&quot;1&quot;,&quot;totalTaxReliefAmount&quot;:&quot;17271.00&quot;}&gt;" type="java.lang.AssertionError"><![CDATA[java.lang.AssertionError: expected:<{"totalWorkingClassHeroes":"1","totalTaxReliefAmount":"171271.40"}> but was:<{"totalWorkingClassHeroes":"1","totalTaxReliefAmount":"17271.00"}>
]]></failure>
  </testcase>
</testsuite>